=== launch con CDP 9333 ===
(node:38580) [DEP0190] DeprecationWarning: Passing args to a child process with shell option true can lead to security vulnerabilities, as the arguments are not escaped, only concatenated.
(Use `node --trace-deprecation ...` to show where the warning was created)
npm warn Unknown project config "disturl". This will stop working in the next major version of npm. See `npm help npmrc` for supported config options.
npm warn Unknown project config "target". This will stop working in the next major version of npm. See `npm help npmrc` for supported config options.
npm warn Unknown project config "ms_build_id". This will stop working in the next major version of npm. See `npm help npmrc` for supported config options.
npm warn Unknown project config "runtime". This will stop working in the next major version of npm. See `npm help npmrc` for supported config options.
npm warn Unknown project config "build_from_source". This will stop working in the next major version of npm. See `npm help npmrc` for supported config options.
npm warn Unknown project config "timeout". This will stop working in the next major version of npm. See `npm help npmrc` for supported config options.

> code-oss-dev@1.127.0 electron
> node build/lib/electron.ts



(node:36684) [DEP0180] DeprecationWarning: fs.Stats constructor is deprecated.
(Use `node --trace-deprecation ...` to show where the warning was created)
[[90m20:38:53[39m] Synchronizing built-in extensions...
[[90m20:38:53[39m] You can manage built-in extensions with the [36m--builtin[39m flag
[[90m20:38:53[39m] [34m[github][39m ms-vscode.js-debug-companion@1.1.3 [32m✔︎[39m
[[90m20:38:53[39m] [34m[github][39m ms-vscode.js-debug@1.117.0 [32m✔︎[39m
[[90m20:38:53[39m] [34m[github][39m ms-vscode.vscode-js-profile-table@1.0.10 [32m✔︎[39m


DevTools listening on ws://127.0.0.1:9333/devtools/browser/4edfdf7c-2255-4c7a-806f-5bb2347a8e21
[main 2026-06-25T02:38:54.507Z] StorageMainService: creating application shared storage
[main 2026-06-25T02:38:54.618Z] [CSS_DEV] DONE, 384 css modules (97ms)
[main 2026-06-25T02:38:54.731Z] update#setState disabled
[main 2026-06-25T02:38:54.744Z] [shared storage] Creating shared storage database at 'c:\Users\tcbor\.vscode-oss-shared\sharedStorage\state.vscdb' (wasCreated: false)
[main 2026-06-25T02:38:54.745Z] [shared storage] Initializing fallback application storage (path: c:\Users\tcbor\AppData\Roaming\code-oss-dev\User\globalStorage\state.vscdb)
[main 2026-06-25T02:38:54.758Z] [shared storage] Fallback application storage initialized with 55 items
[27268:0624/203858.168:INFO:CONSOLE:297] "%c[Extension Host] %cdebugger listening on port 5870 color: blue color:", source: vscode-file://vscode-app/x:/DOWNLOADS/Ethernal-Code/out/vs/workbench/services/extensions/electron-browser/localProcessExtensionHost.js (297)
[27268:0624/203858.216:INFO:CONSOLE:99] "%c INFO color: #33f Started local extension host with pid 5344.", source: vscode-file://vscode-app/x:/DOWNLOADS/Ethernal-Code/out/vs/platform/log/common/log.js (99)
[27268:0624/203858.497:INFO:CONSOLE:226] "%c[Extension Host] %cdebugger inspector at devtools://devtools/bundled/js_app.html?v8only=true&ws=127.0.0.1:5870/1900610d-a405-462f-b241-277c616c985f color: blue color:", source: vscode-file://vscode-app/x:/DOWNLOADS/Ethernal-Code/out/vs/workbench/services/extensions/electron-browser/localProcessExtensionHost.js (226)
[27268:0624/203858.723:INFO:CONSOLE:99] "%c INFO color: #33f [AgentHost:renderer] Acquiring MessagePort to agent host...", source: vscode-file://vscode-app/x:/DOWNLOADS/Ethernal-Code/out/vs/platform/log/common/log.js (99)
[main 2026-06-25T02:38:58.727Z] AgentHostProcessManager: agent host started
[27268:0624/203858.729:INFO:CONSOLE:99] "%c INFO color: #33f [AgentHost:renderer] MessagePort acquired, creating client...", source: vscode-file://vscode-app/x:/DOWNLOADS/Ethernal-Code/out/vs/platform/log/common/log.js (99)
[27268:0624/203858.731:INFO:CONSOLE:99] "%c INFO color: #33f [AgentHost:renderer] Direct MessagePort connection established", source: vscode-file://vscode-app/x:/DOWNLOADS/Ethernal-Code/out/vs/platform/log/common/log.js (99)
[27268:0624/203858.818:INFO:CONSOLE:99] "%c INFO color: #33f [AccountPolicyGate] apply: state=inactive, reason=undefined, isRestricted=false", source: vscode-file://vscode-app/x:/DOWNLOADS/Ethernal-Code/out/vs/platform/log/common/log.js (99)
[27268:0624/203900.154:INFO:CONSOLE:99] "%c INFO color: #33f [AgentHost] No token resolved for resource: https://api.github.com", source: vscode-file://vscode-app/x:/DOWNLOADS/Ethernal-Code/out/vs/platform/log/common/log.js (99)
[27268:0624/203900.155:INFO:CONSOLE:99] "%c INFO color: #33f [AgentHost] No token resolved for resource: https://api.github.com", source: vscode-file://vscode-app/x:/DOWNLOADS/Ethernal-Code/out/vs/platform/log/common/log.js (99)
[27268:0624/203900.416:INFO:CONSOLE:99] "%c INFO color: #33f [AgentHost] No token resolved for resource: https://api.github.com/repos", source: vscode-file://vscode-app/x:/DOWNLOADS/Ethernal-Code/out/vs/platform/log/common/log.js (99)
[27268:0624/203900.416:INFO:CONSOLE:99] "%c INFO color: #33f [AgentHost] No token resolved for resource: https://api.github.com/repos", source: vscode-file://vscode-app/x:/DOWNLOADS/Ethernal-Code/out/vs/platform/log/common/log.js (99)
[27268:0624/203903.819:INFO:CONSOLE:99] "%c INFO color: #33f [AccountPolicyGate] apply: state=inactive, reason=undefined, isRestricted=false", source: vscode-file://vscode-app/x:/DOWNLOADS/Ethernal-Code/out/vs/platform/log/common/log.js (99)
[Event.buffer][onDidBlurMainWindow] potential LEAK detected: 3 events buffered for 60s without being consumed. Buffered here:
    at Object.buffer (file:///X:/DOWNLOADS/Ethernal-Code/out/vs/base/common/event.js:261:27)
    at Object.fromService (file:///X:/DOWNLOADS/Ethernal-Code/out/vs/base/parts/ipc/common/ipc.js:805:44)
    at CodeApplication.initChannels (file:///X:/DOWNLOADS/Ethernal-Code/out/vs/code/electron-main/app.js:937:44)
    at file:///X:/DOWNLOADS/Ethernal-Code/out/vs/code/electron-main/app.js:487:63
    at InstantiationService.invokeFunction (file:///X:/DOWNLOADS/Ethernal-Code/out/vs/platform/instantiation/common/instantiationService.js:78:14)
    at CodeApplication.startup (file:///X:/DOWNLOADS/Ethernal-Code/out/vs/code/electron-main/app.js:487:29)
    at async CodeMain.startup (file:///X:/DOWNLOADS/Ethernal-Code/out/vs/code/electron-main/main.js:88:7)
